 
****************************************
Report : area
Design : top
Version: Q-2019.12-SP5-2
Date   : Sat Jun 11 17:58:15 2022
****************************************

Library(s) Used:

    tt_1v8_25c (File: /data3/course_lib_umc18/synopsys/tt_1v8_25c.db)

Number of ports:                          277
Number of nets:                          8343
Number of cells:                         8150
Number of combinational cells:           6745
Number of sequential cells:              1403
Number of macros/black boxes:               0
Number of buf/inv:                        571
Number of references:                      85

Combinational area:             102572.872498
Buf/Inv area:                     5811.221003
Noncombinational area:           97021.108948
Macro/Black Box area:                0.000000
Net Interconnect area:      undefined  (No wire load specified)

Total cell area:                199593.981445
Total area:                 undefined
1
